<?xml version="1.0" encoding="utf-8"?><testsuites><testsuite name="pytest" errors="0" failures="0" skipped="0" tests="3" time="24.717" timestamp="2023-07-19T20:15:17.913894" hostname="MacBook-Air.local"><testcase classname="test_HomePage.TestHomePage" name="test_formSubmission[getData0]" time="8.177" /><testcase classname="test_HomePage.TestHomePage" name="test_formSubmission[getData1]" time="1.139" /><testcase classname="test_e2e.TestOne" name="test_e2e" time="15.262" /></testsuite></testsuites>